<?xml version="1.0" encoding="UTF-8"?>
<Site BuildName="Win32-ninja"
	BuildStamp="20260205-1113-Experimental"
	Name="MSI"
	Generator="ctest-4.2.1"
	CompilerName="C:/Program Files/Microsoft Visual Studio/18/Community/VC/Tools/MSVC/14.50.35717/bin/Hostx64/x64/cl.exe"
	CompilerVersion="19.50.35723.0"
	OSName="Windows"
	Hostname="MSI"
	OSRelease="10.0.22631"
	OSVersion="Windows 10"
	OSPlatform="AMD64"
	Is64Bits="1"
	VendorString="GenuineIntel"
	VendorID="Intel Corporation"
	FamilyID="6"
	ModelID="10"
	ModelName=""
	ProcessorCacheSize="-1"
	NumberOfLogicalCPU="16"
	NumberOfPhysicalCPU="10"
	TotalVirtualMemory="32177"
	TotalPhysicalMemory="16088"
	LogicalProcessorsPerPhysical="1"
	ProcessorClockFrequency="2400"
	>
	<Testing>
		<StartDateTime>Feb 10 01:24 Pacific Standard Time</StartDateTime>
		<StartTestTime>1770715498</StartTestTime>
		<TestList/>
		<EndDateTime>Feb 10 01:24 Pacific Standard Time</EndDateTime>
		<EndTestTime>1770715498</EndTestTime>
		<ElapsedMinutes>0</ElapsedMinutes>
	</Testing>
</Site>
